d:\projects\repos\cnc\prj\cnc\debug\cnccstr.cpp.json
d:\projects\repos\cnc\prj\cnc\debug\cnccstr.obj
d:\projects\repos\cnc\prj\cnc\debug\cnccman.cpp.json
d:\projects\repos\cnc\prj\cnc\debug\cnccref.cpp.json
d:\projects\repos\cnc\prj\cnc\debug\cnccfrs.cpp.json
d:\projects\repos\cnc\prj\cnc\debug\cnccfrs.obj
d:\projects\repos\cnc\prj\cnc\debug\cnccoutk.cpp.json
d:\projects\repos\cnc\prj\cnc\debug\cnccauto.cpp.json
d:\projects\repos\cnc\prj\cnc\debug\cncctok.cpp.json
d:\projects\repos\cnc\prj\cnc\debug\cnccrm.cpp.json
d:\projects\repos\cnc\prj\cnc\debug\cnccrm.obj
d:\projects\repos\cnc\prj\cnc\debug\cnccrrdp.cpp.json
d:\projects\repos\cnc\prj\cnc\debug\cnccrrdp.obj
d:\projects\repos\cnc\prj\cnc\debug\cnccict.cpp.json
d:\projects\repos\cnc\prj\cnc\debug\cnccict.obj
d:\projects\repos\cnc\prj\cnc\debug\cncciinp.cpp.json
d:\projects\repos\cnc\prj\cnc\debug\cnccieqv.cpp.json
d:\projects\repos\cnc\prj\cnc\debug\cnccicrs.cpp.json
d:\projects\repos\cnc\prj\cnc\debug\cncciuna.cpp.module.json
d:\projects\repos\cnc\prj\cnc\debug\cnccipol.cpp.module.json
d:\projects\repos\cnc\prj\cnc\debug\cnctedi.cpp.module.json
d:\projects\repos\cnc\prj\cnc\debug\cncsgstr.cpp.module.json
d:\projects\repos\cnc\prj\cnc\debug\cncusim.cpp.module.json
d:\projects\repos\cnc\prj\cnc\debug\cncsjog.cpp.module.json
d:\projects\repos\cnc\prj\cnc\debug\form.cpp.module.json
d:\projects\repos\cnc\prj\cnc\debug\cnctrc1.cpp.module.json
d:\projects\repos\cnc\prj\cnc\debug\cncunul.cpp.module.json
d:\projects\repos\cnc\prj\cnc\debug\cncuends.cpp.module.json
d:\projects\repos\cnc\prj\cnc\debug\cncscwnd.cpp.module.json
d:\projects\repos\cnc\prj\cnc\debug\cnchard.cpp.module.json
d:\projects\repos\cnc\prj\cnc\debug\cncsrmsg.cpp.module.json
d:\projects\repos\cnc\prj\cnc\debug\cnctrpr.cpp.module.json
d:\projects\repos\cnc\prj\cnc\debug\cnccirds.cpp.module.json
d:\projects\repos\cnc\prj\cnc\debug\cnctrc2.cpp.module.json
d:\projects\repos\cnc\prj\cnc\debug\cncur_pr.cpp.module.json
d:\projects\repos\cnc\prj\cnc\debug\cncintf.cpp.module.json
d:\projects\repos\cnc\prj\cnc\debug\cncuwkp.cpp.module.json
d:\projects\repos\cnc\prj\cnc\debug\cncuana.cpp.module.json
d:\projects\repos\cnc\prj\cnc\debug\cncsedit.cpp.module.json
d:\projects\repos\cnc\prj\cnc\debug\cncscr.cpp.module.json
d:\projects\repos\cnc\prj\cnc\debug\cncuwerr.cpp.module.json
d:\projects\repos\cnc\prj\cnc\debug\cncint.cpp.module.json
d:\projects\repos\cnc\prj\cnc\debug\cncinth.cpp.module.json
d:\projects\repos\cnc\prj\cnc\debug\cncstedc.cpp.module.json
d:\projects\repos\cnc\prj\cnc\debug\cncsted.cpp.module.json
d:\projects\repos\cnc\prj\cnc\debug\cnccstat.cpp.module.json
d:\projects\repos\cnc\prj\cnc\debug\cnccikcn.cpp.module.json
d:\projects\repos\cnc\prj\cnc\debug\cncunp2.cpp.module.json
d:\projects\repos\cnc\prj\cnc\debug\cnccict.cpp.module.json
d:\projects\repos\cnc\prj\cnc\debug\cncintb.cpp.module.json
d:\projects\repos\cnc\prj\cnc\debug\cncsdiag.cpp.module.json
d:\projects\repos\cnc\prj\cnc\debug\cnccsti.cpp.module.json
d:\projects\repos\cnc\prj\cnc\debug\cnced.cpp.module.json
d:\projects\repos\cnc\prj\cnc\debug\cncsvar.cpp.module.json
d:\projects\repos\cnc\prj\cnc\debug\f_error.cpp.module.json
d:\projects\repos\cnc\prj\cnc\debug\cncsfun.cpp.module.json
d:\projects\repos\cnc\prj\cnc\debug\cncskor.cpp.module.json
d:\projects\repos\cnc\prj\cnc\debug\cncufnum.cpp.module.json
d:\projects\repos\cnc\prj\cnc\debug\formp.cpp.module.json
d:\projects\repos\cnc\prj\cnc\debug\cncsman.cpp.module.json
d:\projects\repos\cnc\prj\cnc\debug\cncufnm.cpp.module.json
d:\projects\repos\cnc\prj\cnc\debug\cnccism0.cpp.module.json
d:\projects\repos\cnc\prj\cnc\debug\cncsfh.cpp.module.json
d:\projects\repos\cnc\prj\cnc\debug\cncsgdc.cpp.module.json
d:\projects\repos\cnc\prj\cnc\debug\cnccstr.cpp.module.json
d:\projects\repos\cnc\prj\cnc\debug\cnccilmt.cpp.module.json
d:\projects\repos\cnc\prj\cnc\debug\cncispoz.cpp.module.json
d:\projects\repos\cnc\prj\cnc\debug\cncuform.cpp.module.json
d:\projects\repos\cnc\prj\cnc\debug\cnctsm.cpp.module.json
d:\projects\repos\cnc\prj\cnc\debug\cncieoks.cpp.module.json
d:\projects\repos\cnc\prj\cnc\debug\cncufom.cpp.module.json
d:\projects\repos\cnc\prj\cnc\debug\cnctres.cpp.module.json
d:\projects\repos\cnc\prj\cnc\debug\cnctszr.cpp.module.json
d:\projects\repos\cnc\prj\cnc\debug\cncuasim.cpp.module.json
d:\projects\repos\cnc\prj\cnc\debug\ob_kon.cpp.module.json
d:\projects\repos\cnc\prj\cnc\debug\cnctio.cpp.module.json
d:\projects\repos\cnc\prj\cnc\debug\cnccauto.cpp.module.json
d:\projects\repos\cnc\prj\cnc\debug\cncuzero.cpp.module.json
d:\projects\repos\cnc\prj\cnc\debug\cncunums.cpp.module.json
d:\projects\repos\cnc\prj\cnc\debug\cnctend.cpp.module.json
d:\projects\repos\cnc\prj\cnc\debug\cncscmpr.cpp.module.json
d:\projects\repos\cnc\prj\cnc\debug\cnccrm.cpp.module.json
d:\projects\repos\cnc\prj\cnc\debug\ob_in.cpp.module.json
d:\projects\repos\cnc\prj\cnc\debug\cnccrrdp.cpp.module.json
d:\projects\repos\cnc\prj\cnc\debug\mistake.cpp.module.json
d:\projects\repos\cnc\prj\cnc\debug\cnctbgn.cpp.module.json
d:\projects\repos\cnc\prj\cnc\debug\cncicrfn.cpp.module.json
d:\projects\repos\cnc\prj\cnc\debug\cnccikrg.cpp.module.json
d:\projects\repos\cnc\prj\cnc\debug\cncuintf.cpp.module.json
d:\projects\repos\cnc\prj\cnc\debug\cnccimrr.cpp.module.json
d:\projects\repos\cnc\prj\cnc\debug\cnccfrs.cpp.module.json
d:\projects\repos\cnc\prj\cnc\debug\cnciopar.cpp.module.json
d:\projects\repos\cnc\prj\cnc\debug\cnccirnd.cpp.module.json
d:\projects\repos\cnc\prj\cnc\debug\cncsgeom.cpp.module.json
d:\projects\repos\cnc\prj\cnc\debug\cnctcom2.cpp.module.json
d:\projects\repos\cnc\prj\cnc\debug\cncunumf.cpp.module.json
d:\projects\repos\cnc\prj\cnc\debug\ob_kon2.cpp.module.json
d:\projects\repos\cnc\prj\cnc\debug\cnctcm.cpp.module.json
d:\projects\repos\cnc\prj\cnc\debug\cncsbeg.cpp.module.json
d:\projects\repos\cnc\prj\cnc\debug\cnctcom1.cpp.module.json
d:\projects\repos\cnc\prj\cnc\debug\cncugr4.cpp.module.json
d:\projects\repos\cnc\prj\cnc\debug\cncpar.cpp.module.json
d:\projects\repos\cnc\prj\cnc\debug\cncunp1.cpp.module.json
d:\projects\repos\cnc\prj\cnc\debug\cncsfspr.cpp.module.json
d:\projects\repos\cnc\prj\cnc\debug\cncisref.cpp.module.json
d:\projects\repos\cnc\prj\cnc\debug\cnccisvl.cpp.module.json
d:\projects\repos\cnc\prj\cnc\debug\cnccirnc.cpp.module.json
d:\projects\repos\cnc\prj\cnc\debug\cncugran.cpp.module.json
d:\projects\repos\cnc\prj\cnc\debug\cnctinfm.cpp.module.json
d:\projects\repos\cnc\prj\cnc\debug\cncuzsm.cpp.module.json
d:\projects\repos\cnc\prj\cnc\debug\cnccill.cpp.module.json
d:\projects\repos\cnc\prj\cnc\debug\cnccref.cpp.module.json
d:\projects\repos\cnc\prj\cnc\debug\ob_out.cpp.module.json
d:\projects\repos\cnc\prj\cnc\debug\cnctmm.cpp.module.json
d:\projects\repos\cnc\prj\cnc\debug\diag.cpp.module.json
d:\projects\repos\cnc\prj\cnc\debug\cncuzcp.cpp.module.json
d:\projects\repos\cnc\prj\cnc\debug\cnccoutk.cpp.module.json
d:\projects\repos\cnc\prj\cnc\debug\cncsauto.cpp.module.json
d:\projects\repos\cnc\prj\cnc\debug\cncctok.cpp.module.json
d:\projects\repos\cnc\prj\cnc\debug\zapic.cpp.module.json
d:\projects\repos\cnc\prj\cnc\debug\cnctmfun.cpp.module.json
d:\projects\repos\cnc\prj\cnc\debug\cncsgsc.cpp.module.json
d:\projects\repos\cnc\prj\cnc\debug\cnctpoin.cpp.module.json
d:\projects\repos\cnc\prj\cnc\debug\cncunp3.cpp.module.json
d:\projects\repos\cnc\prj\cnc\debug\cncires.cpp.module.json
d:\projects\repos\cnc\prj\cnc\debug\avtoyp.cpp.module.json
d:\projects\repos\cnc\prj\cnc\debug\cncshow.cpp.module.json
d:\projects\repos\cnc\prj\cnc\debug\cncstio.cpp.module.json
d:\projects\repos\cnc\prj\cnc\debug\cnctstp.cpp.module.json
d:\projects\repos\cnc\prj\cnc\debug\cnccman.cpp.module.json
d:\projects\repos\cnc\prj\cnc\debug\cnctime.cpp.module.json
d:\projects\repos\cnc\prj\cnc\debug\cncciinp.cpp.module.json
d:\projects\repos\cnc\prj\cnc\debug\cnccieqv.cpp.module.json
d:\projects\repos\cnc\prj\cnc\debug\cnccicrs.cpp.module.json
d:\projects\repos\cnc\prj\cnc\debug\vc143.idb
d:\projects\repos\cnc\prj\cnc\debug\vc143.pdb
d:\projects\repos\cnc\prj\cnc\debug\cnc.tlog\cl.command.1.tlog
d:\projects\repos\cnc\prj\cnc\debug\cnc.tlog\microsoft.build.cpptasks.cl.read.1.tlog
d:\projects\repos\cnc\prj\cnc\debug\cnc.tlog\microsoft.build.cpptasks.cl.write.1.tlog
d:\projects\repos\cnc\prj\cnc\debug\cnc_md.tlog\cl.command.1.tlog
d:\projects\repos\cnc\prj\cnc\debug\cnc_md.tlog\microsoft.build.cpptasks.cl.read.1.tlog
d:\projects\repos\cnc\prj\cnc\debug\cnc_md.tlog\microsoft.build.cpptasks.cl.write.1.tlog
