  Проверка источников на наличие зависимостей модуля…
  CNCICRFN.CPP
  CNCCICRS.CPP
D:\Projects\Repos\CNC\CNCDRV\CNCICRFN.CPP(20): fatal error C1083: ═х єфрхЄё  юЄъЁ√Є№ Їрщы тъы■ўхэшх: cmath.h: No such file or directory,
C:\Program Files\Microsoft Visual Studio\2022\Community\MSBuild\Microsoft\VC\v170\Microsoft.CppCommon.targets(452,5): warning MSB8074: не удается прочитать файл зависимостей модуля Debug\CNCICRFN.CPP.module.json: Ожидается элемент "root" из пространства имен "".. Обнаружен "None" с именем "", пространство имен "". . Порядок сборки может быть неверным.
  Компиляция…
  CNCCREF.CPP
  CNCCICRS.CPP
  CNCCAUTO.CPP
  CNCCMAN.CPP
  CNCCOUTK.CPP
  CNCCIINP.CPP
  CNCCTOK.CPP
  CNCCIEQV.CPP
D:\Projects\Repos\CNC\BC\CLASSLIB\INCLUDE\ClsTypes.h(21,9): warning C4068: неизвестная прагма "option"
D:\Projects\Repos\CNC\BC\CLASSLIB\INCLUDE\ClsTypes.h(102,9): warning C4068: неизвестная прагма "option"
D:\Projects\Repos\CNC\BC\CLASSLIB\INCLUDE\ClsTypes.h(21,9): warning C4068: неизвестная прагма "option"
D:\Projects\Repos\CNC\BC\CLASSLIB\INCLUDE\ClsTypes.h(21,9): warning C4068: неизвестная прагма "option"
D:\Projects\Repos\CNC\BC\CLASSLIB\INCLUDE\ClsTypes.h(102,9): warning C4068: неизвестная прагма "option"
D:\Projects\Repos\CNC\BC\CLASSLIB\INCLUDE\ClsTypes.h(102,9): warning C4068: неизвестная прагма "option"
D:\Projects\Repos\CNC\BC\CLASSLIB\INCLUDE\ClsDefs.h(17,9): warning C4068: неизвестная прагма "option"
D:\Projects\Repos\CNC\BC\CLASSLIB\INCLUDE\ClsDefs.h(27,9): warning C4068: неизвестная прагма "option"
D:\Projects\Repos\CNC\BC\CLASSLIB\INCLUDE\ClsDefs.h(17,9): warning C4068: неизвестная прагма "option"
D:\Projects\Repos\CNC\BC\CLASSLIB\INCLUDE\ClsDefs.h(27,9): warning C4068: неизвестная прагма "option"
D:\Projects\Repos\CNC\BC\CLASSLIB\INCLUDE\ClsDefs.h(17,9): warning C4068: неизвестная прагма "option"
D:\Projects\Repos\CNC\BC\CLASSLIB\INCLUDE\ClsDefs.h(27,9): warning C4068: неизвестная прагма "option"
D:\Projects\Repos\CNC\BC\INCLUDE\mem.h(39,29): warning C4273: memccpy: несовместимое связывание dll
  D:\Windows Kits\10\Include\10.0.19041.0\ucrt\corecrt_memory.h(83,28): note: см. предыдущее определение "memccpy"
D:\Projects\Repos\CNC\BC\INCLUDE\mem.h(41,78): error C2556: void *memchr(const void *,int,size_t): перегруженная функция отличается от "const void *memchr(const void *,int,size_t)" только возвращаемым типом
  C:\Program Files\Microsoft Visual Studio\2022\Community\VC\Tools\MSVC\14.32.31326\include\vcruntime_string.h(22): note:  см. объявление "memchr"
D:\Projects\Repos\CNC\BC\INCLUDE\mem.h(41,29): error C2373: memchr: переопределение; различные модификаторы типа
  C:\Program Files\Microsoft Visual Studio\2022\Community\VC\Tools\MSVC\14.32.31326\include\vcruntime_string.h(22): note:  см. объявление "memchr"
D:\Projects\Repos\CNC\BC\INCLUDE\mem.h(39,29): warning C4273: memccpy: несовместимое связывание dll
  D:\Windows Kits\10\Include\10.0.19041.0\ucrt\corecrt_memory.h(83,28): note: см. предыдущее определение "memccpy"
D:\Projects\Repos\CNC\BC\INCLUDE\mem.h(41,78): error C2556: void *memchr(const void *,int,size_t): перегруженная функция отличается от "const void *memchr(const void *,int,size_t)" только возвращаемым типом
  C:\Program Files\Microsoft Visual Studio\2022\Community\VC\Tools\MSVC\14.32.31326\include\vcruntime_string.h(22): note:  см. объявление "memchr"
D:\Projects\Repos\CNC\BC\INCLUDE\mem.h(41,29): error C2373: memchr: переопределение; различные модификаторы типа
  C:\Program Files\Microsoft Visual Studio\2022\Community\VC\Tools\MSVC\14.32.31326\include\vcruntime_string.h(22): note:  см. объявление "memchr"
D:\Projects\Repos\CNC\BC\INCLUDE\mem.h(46,29): warning C4273: memicmp: несовместимое связывание dll
D:\Projects\Repos\CNC\BC\INCLUDE\mem.h(39,29): warning C4273: memccpy: несовместимое связывание dll
  D:\Windows Kits\10\Include\10.0.19041.0\ucrt\corecrt_memory.h(83,28): note: см. предыдущее определение "memccpy"
D:\Projects\Repos\CNC\BC\INCLUDE\mem.h(46,29): warning C4273: memicmp: несовместимое связывание dll
  D:\Windows Kits\10\Include\10.0.19041.0\ucrt\corecrt_memory.h(91,26): note: см. предыдущее определение "memicmp"
D:\Projects\Repos\CNC\BC\INCLUDE\mem.h(41,78): error C2556: void *memchr(const void *,int,size_t): перегруженная функция отличается от "const void *memchr(const void *,int,size_t)" только возвращаемым типом
  C:\Program Files\Microsoft Visual Studio\2022\Community\VC\Tools\MSVC\14.32.31326\include\vcruntime_string.h(22): note:  см. объявление "memchr"
  D:\Windows Kits\10\Include\10.0.19041.0\ucrt\corecrt_memory.h(91,26): note: см. предыдущее определение "memicmp"
D:\Projects\Repos\CNC\BC\INCLUDE\mem.h(41,29): error C2373: memchr: переопределение; различные модификаторы типа
  C:\Program Files\Microsoft Visual Studio\2022\Community\VC\Tools\MSVC\14.32.31326\include\vcruntime_string.h(22): note:  см. объявление "memchr"
D:\Projects\Repos\CNC\BC\INCLUDE\iostream.h(33,9): warning C4068: неизвестная прагма "option"
D:\Projects\Repos\CNC\BC\INCLUDE\mem.h(46,29): warning C4273: memicmp: несовместимое связывание dll
  D:\Windows Kits\10\Include\10.0.19041.0\ucrt\corecrt_memory.h(91,26): note: см. предыдущее определение "memicmp"
D:\Projects\Repos\CNC\BC\INCLUDE\iostream.h(33,9): warning C4068: неизвестная прагма "option"
D:\Projects\Repos\CNC\BC\INCLUDE\iostream.h(107,16): warning C4166: недопустимое соглашение о вызове для конструктора или деструктора
D:\Projects\Repos\CNC\BC\INCLUDE\iostream.h(33,9): warning C4068: неизвестная прагма "option"
D:\Projects\Repos\CNC\BC\INCLUDE\iostream.h(108,17): warning C4166: недопустимое соглашение о вызове для конструктора или деструктора
D:\Projects\Repos\CNC\BC\INCLUDE\iostream.h(107,16): warning C4166: недопустимое соглашение о вызове для конструктора или деструктора
D:\Projects\Repos\CNC\BC\INCLUDE\iostream.h(107,16): warning C4166: недопустимое соглашение о вызове для конструктора или деструктора
D:\Projects\Repos\CNC\BC\INCLUDE\iostream.h(181,20): warning C4166: недопустимое соглашение о вызове для конструктора или деструктора
D:\Projects\Repos\CNC\BC\INCLUDE\iostream.h(108,17): warning C4166: недопустимое соглашение о вызове для конструктора или деструктора
D:\Projects\Repos\CNC\BC\INCLUDE\iostream.h(198,20): warning C4166: недопустимое соглашение о вызове для конструктора или деструктора
D:\Projects\Repos\CNC\BC\INCLUDE\iostream.h(108,17): warning C4166: недопустимое соглашение о вызове для конструктора или деструктора
D:\Projects\Repos\CNC\BC\INCLUDE\iostream.h(181,20): warning C4166: недопустимое соглашение о вызове для конструктора или деструктора
D:\Projects\Repos\CNC\BC\INCLUDE\iostream.h(198,20): warning C4166: недопустимое соглашение о вызове для конструктора или деструктора
D:\Projects\Repos\CNC\BC\INCLUDE\iostream.h(181,20): warning C4166: недопустимое соглашение о вызове для конструктора или деструктора
D:\Projects\Repos\CNC\BC\INCLUDE\iostream.h(198,20): warning C4166: недопустимое соглашение о вызове для конструктора или деструктора
D:\Projects\Repos\CNC\BC\INCLUDE\iostream.h(228,16): warning C4166: недопустимое соглашение о вызове для конструктора или деструктора
D:\Projects\Repos\CNC\BC\INCLUDE\iostream.h(229,16): warning C4166: недопустимое соглашение о вызове для конструктора или деструктора
D:\Projects\Repos\CNC\BC\INCLUDE\iostream.h(228,16): warning C4166: недопустимое соглашение о вызове для конструктора или деструктора
D:\Projects\Repos\CNC\BC\INCLUDE\iostream.h(229,16): warning C4166: недопустимое соглашение о вызове для конструктора или деструктора
D:\Projects\Repos\CNC\BC\INCLUDE\iostream.h(231,17): warning C4166: недопустимое соглашение о вызове для конструктора или деструктора
D:\Projects\Repos\CNC\BC\INCLUDE\iostream.h(231,17): warning C4166: недопустимое соглашение о вызове для конструктора или деструктора
D:\Projects\Repos\CNC\BC\INCLUDE\iostream.h(303,20): warning C4166: недопустимое соглашение о вызове для конструктора или деструктора
D:\Projects\Repos\CNC\BC\INCLUDE\iostream.h(228,16): warning C4166: недопустимое соглашение о вызове для конструктора или деструктора
D:\Projects\Repos\CNC\BC\INCLUDE\iostream.h(229,16): warning C4166: недопустимое соглашение о вызове для конструктора или деструктора
D:\Projects\Repos\CNC\BC\INCLUDE\iostream.h(303,20): warning C4166: недопустимое соглашение о вызове для конструктора или деструктора
D:\Projects\Repos\CNC\BC\INCLUDE\iostream.h(231,17): warning C4166: недопустимое соглашение о вызове для конструктора или деструктора
D:\Projects\Repos\CNC\BC\INCLUDE\iostream.h(303,20): warning C4166: недопустимое соглашение о вызове для конструктора или деструктора
D:\Projects\Repos\CNC\BC\INCLUDE\iostream.h(381,16): warning C4166: недопустимое соглашение о вызове для конструктора или деструктора
D:\Projects\Repos\CNC\BC\INCLUDE\iostream.h(381,16): warning C4166: недопустимое соглашение о вызове для конструктора или деструктора
D:\Projects\Repos\CNC\BC\INCLUDE\iostream.h(382,17): warning C4166: недопустимое соглашение о вызове для конструктора или деструктора
D:\Projects\Repos\CNC\BC\INCLUDE\iostream.h(382,17): warning C4166: недопустимое соглашение о вызове для конструктора или деструктора
D:\Projects\Repos\CNC\BC\INCLUDE\iostream.h(386,16): warning C4166: недопустимое соглашение о вызове для конструктора или деструктора
D:\Projects\Repos\CNC\BC\INCLUDE\iostream.h(386,16): warning C4166: недопустимое соглашение о вызове для конструктора или деструктора
D:\Projects\Repos\CNC\BC\INCLUDE\iostream.h(388,16): warning C4166: недопустимое соглашение о вызове для конструктора или деструктора
D:\Projects\Repos\CNC\BC\INCLUDE\iostream.h(388,16): warning C4166: недопустимое соглашение о вызове для конструктора или деструктора
D:\Projects\Repos\CNC\BC\INCLUDE\iostream.h(390,16): warning C4166: недопустимое соглашение о вызове для конструктора или деструктора
D:\Projects\Repos\CNC\BC\INCLUDE\iostream.h(381,16): warning C4166: недопустимое соглашение о вызове для конструктора или деструктора
D:\Projects\Repos\CNC\BC\INCLUDE\iostream.h(382,17): warning C4166: недопустимое соглашение о вызове для конструктора или деструктора
D:\Projects\Repos\CNC\BC\INCLUDE\iostream.h(390,16): warning C4166: недопустимое соглашение о вызове для конструктора или деструктора
D:\Projects\Repos\CNC\BC\INCLUDE\iostream.h(386,16): warning C4166: недопустимое соглашение о вызове для конструктора или деструктора
D:\Projects\Repos\CNC\BC\INCLUDE\iostream.h(455,20): warning C4166: недопустимое соглашение о вызове для конструктора или деструктора
D:\Projects\Repos\CNC\BC\INCLUDE\iostream.h(388,16): warning C4166: недопустимое соглашение о вызове для конструктора или деструктора
D:\Projects\Repos\CNC\BC\INCLUDE\iostream.h(390,16): warning C4166: недопустимое соглашение о вызове для конструктора или деструктора
D:\Projects\Repos\CNC\BC\INCLUDE\iostream.h(455,20): warning C4166: недопустимое соглашение о вызове для конструктора или деструктора
D:\Projects\Repos\CNC\BC\INCLUDE\iostream.h(455,20): warning C4166: недопустимое соглашение о вызове для конструктора или деструктора
D:\Projects\Repos\CNC\BC\INCLUDE\iostream.h(528,16): warning C4166: недопустимое соглашение о вызове для конструктора или деструктора
D:\Projects\Repos\CNC\BC\INCLUDE\iostream.h(529,17): warning C4166: недопустимое соглашение о вызове для конструктора или деструктора
D:\Projects\Repos\CNC\BC\INCLUDE\iostream.h(531,16): warning C4166: недопустимое соглашение о вызове для конструктора или деструктора
D:\Projects\Repos\CNC\BC\INCLUDE\iostream.h(532,16): warning C4166: недопустимое соглашение о вызове для конструктора или деструктора
D:\Projects\Repos\CNC\BC\INCLUDE\iostream.h(528,16): warning C4166: недопустимое соглашение о вызове для конструктора или деструктора
D:\Projects\Repos\CNC\BC\INCLUDE\iostream.h(529,17): warning C4166: недопустимое соглашение о вызове для конструктора или деструктора
D:\Projects\Repos\CNC\BC\INCLUDE\iostream.h(528,16): warning C4166: недопустимое соглашение о вызове для конструктора или деструктора
D:\Projects\Repos\CNC\BC\INCLUDE\iostream.h(585,20): warning C4166: недопустимое соглашение о вызове для конструктора или деструктора
D:\Projects\Repos\CNC\BC\INCLUDE\iostream.h(531,16): warning C4166: недопустимое соглашение о вызове для конструктора или деструктора
D:\Projects\Repos\CNC\BC\INCLUDE\iostream.h(532,16): warning C4166: недопустимое соглашение о вызове для конструктора или деструктора
D:\Projects\Repos\CNC\BC\INCLUDE\iostream.h(529,17): warning C4166: недопустимое соглашение о вызове для конструктора или деструктора
D:\Projects\Repos\CNC\BC\INCLUDE\iostream.h(585,20): warning C4166: недопустимое соглашение о вызове для конструктора или деструктора
D:\Projects\Repos\CNC\BC\INCLUDE\iostream.h(643,16): warning C4166: недопустимое соглашение о вызове для конструктора или деструктора
D:\Projects\Repos\CNC\BC\INCLUDE\iostream.h(644,17): warning C4166: недопустимое соглашение о вызове для конструктора или деструктора
D:\Projects\Repos\CNC\BC\INCLUDE\iostream.h(647,16): warning C4166: недопустимое соглашение о вызове для конструктора или деструктора
D:\Projects\Repos\CNC\BC\INCLUDE\iostream.h(654,16): warning C4166: недопустимое соглашение о вызове для конструктора или деструктора
D:\Projects\Repos\CNC\BC\INCLUDE\iostream.h(531,16): warning C4166: недопустимое соглашение о вызове для конструктора или деструктора
D:\Projects\Repos\CNC\BC\INCLUDE\iostream.h(656,17): warning C4166: недопустимое соглашение о вызове для конструктора или деструктора
D:\Projects\Repos\CNC\BC\INCLUDE\iostream.h(643,16): warning C4166: недопустимое соглашение о вызове для конструктора или деструктора
D:\Projects\Repos\CNC\BC\INCLUDE\iostream.h(669,16): warning C4166: недопустимое соглашение о вызове для конструктора или деструктора
D:\Projects\Repos\CNC\BC\INCLUDE\iostream.h(644,17): warning C4166: недопустимое соглашение о вызове для конструктора или деструктора
D:\Projects\Repos\CNC\BC\INCLUDE\iostream.h(532,16): warning C4166: недопустимое соглашение о вызове для конструктора или деструктора
D:\Projects\Repos\CNC\BC\INCLUDE\iostream.h(647,16): warning C4166: недопустимое соглашение о вызове для конструктора или деструктора
D:\Projects\Repos\CNC\BC\INCLUDE\iostream.h(654,16): warning C4166: недопустимое соглашение о вызове для конструктора или деструктора
D:\Projects\Repos\CNC\BC\INCLUDE\iostream.h(671,17): warning C4166: недопустимое соглашение о вызове для конструктора или деструктора
D:\Projects\Repos\CNC\BC\INCLUDE\iostream.h(684,16): warning C4166: недопустимое соглашение о вызове для конструктора или деструктора
D:\Projects\Repos\CNC\BC\INCLUDE\iostream.h(686,17): warning C4166: недопустимое соглашение о вызове для конструктора или деструктора
D:\Projects\Repos\CNC\BC\INCLUDE\iostream.h(656,17): warning C4166: недопустимое соглашение о вызове для конструктора или деструктора
D:\Projects\Repos\CNC\BC\INCLUDE\iostream.h(699,37): warning C4229: устаревший элемент: пропуск модификаторов для данных
D:\Projects\Repos\CNC\BC\INCLUDE\iostream.h(700,38): warning C4229: устаревший элемент: пропуск модификаторов для данных
D:\Projects\Repos\CNC\BC\INCLUDE\iostream.h(585,20): warning C4166: недопустимое соглашение о вызове для конструктора или деструктора
D:\Projects\Repos\CNC\BC\INCLUDE\iostream.h(669,16): warning C4166: недопустимое соглашение о вызове для конструктора или деструктора
D:\Projects\Repos\CNC\BC\INCLUDE\iostream.h(643,16): warning C4166: недопустимое соглашение о вызове для конструктора или деструктора
D:\Projects\Repos\CNC\BC\INCLUDE\iostream.h(701,38): warning C4229: устаревший элемент: пропуск модификаторов для данных
D:\Projects\Repos\CNC\BC\INCLUDE\iostream.h(702,38): warning C4229: устаревший элемент: пропуск модификаторов для данных
D:\Projects\Repos\CNC\BC\INCLUDE\iostream.h(720,9): warning C4068: неизвестная прагма "option"
D:\Projects\Repos\CNC\BC\CLASSLIB\INCLUDE\Object.h(29,9): warning C4068: неизвестная прагма "option"
D:\Projects\Repos\CNC\BC\INCLUDE\iostream.h(671,17): warning C4166: недопустимое соглашение о вызове для конструктора или деструктора
D:\Projects\Repos\CNC\BC\INCLUDE\iostream.h(684,16): warning C4166: недопустимое соглашение о вызове для конструктора или деструктора
D:\Projects\Repos\CNC\BC\INCLUDE\iostream.h(686,17): warning C4166: недопустимое соглашение о вызове для конструктора или деструктора
D:\Projects\Repos\CNC\BC\INCLUDE\iostream.h(699,37): warning C4229: устаревший элемент: пропуск модификаторов для данных
D:\Projects\Repos\CNC\BC\INCLUDE\iostream.h(700,38): warning C4229: устаревший элемент: пропуск модификаторов для данных
D:\Projects\Repos\CNC\BC\INCLUDE\iostream.h(701,38): warning C4229: устаревший элемент: пропуск модификаторов для данных
D:\Projects\Repos\CNC\BC\INCLUDE\iostream.h(702,38): warning C4229: устаревший элемент: пропуск модификаторов для данных
D:\Projects\Repos\CNC\BC\INCLUDE\iostream.h(720,9): warning C4068: неизвестная прагма "option"
D:\Projects\Repos\CNC\BC\CLASSLIB\INCLUDE\Object.h(29,9): warning C4068: неизвестная прагма "option"
D:\Projects\Repos\CNC\BC\INCLUDE\iostream.h(644,17): warning C4166: недопустимое соглашение о вызове для конструктора или деструктора
D:\Projects\Repos\CNC\BC\CLASSLIB\INCLUDE\Object.h(163,9): warning C4068: неизвестная прагма "option"
D:\Projects\Repos\CNC\BC\CLASSLIB\INCLUDE\Object.h(163,9): warning C4068: неизвестная прагма "option"
D:\Projects\Repos\CNC\BC\INCLUDE\iostream.h(647,16): warning C4166: недопустимое соглашение о вызове для конструктора или деструктора
D:\Projects\Repos\CNC\BC\INCLUDE\iostream.h(654,16): warning C4166: недопустимое соглашение о вызове для конструктора или деструктора
D:\Projects\Repos\CNC\BC\INCLUDE\iostream.h(656,17): warning C4166: недопустимое соглашение о вызове для конструктора или деструктора
D:\Projects\Repos\CNC\BC\CLASSLIB\INCLUDE\ClsTypes.h(21,9): warning C4068: неизвестная прагма "option"
D:\Projects\Repos\CNC\BC\CLASSLIB\INCLUDE\ClsTypes.h(102,9): warning C4068: неизвестная прагма "option"
D:\Projects\Repos\CNC\BC\CLASSLIB\INCLUDE\ClsDefs.h(17,9): warning C4068: неизвестная прагма "option"
D:\Projects\Repos\CNC\BC\CLASSLIB\INCLUDE\ClsDefs.h(27,9): warning C4068: неизвестная прагма "option"
D:\Projects\Repos\CNC\BC\CLASSLIB\INCLUDE\ClsTypes.h(21,9): warning C4068: неизвестная прагма "option"
D:\Projects\Repos\CNC\BC\CLASSLIB\INCLUDE\ClsTypes.h(102,9): warning C4068: неизвестная прагма "option"
D:\Projects\Repos\CNC\BC\INCLUDE\mem.h(39,29): warning C4273: memccpy: несовместимое связывание dll
D:\Windows Kits\10\Include\10.0.19041.0\ucrt\corecrt_memory.h(83,28): message : см. предыдущее определение "memccpy"
D:\Projects\Repos\CNC\BC\INCLUDE\mem.h(41,78): error C2556: void *memchr(const void *,int,size_t): перегруженная функция отличается от "const void *memchr(const void *,int,size_t)" только возвращаемым типом
C:\Program Files\Microsoft Visual Studio\2022\Community\VC\Tools\MSVC\14.32.31326\include\vcruntime_string.h(22): message : см. объявление "memchr"
D:\Projects\Repos\CNC\BC\INCLUDE\mem.h(41,29): error C2373: memchr: переопределение; различные модификаторы типа
C:\Program Files\Microsoft Visual Studio\2022\Community\VC\Tools\MSVC\14.32.31326\include\vcruntime_string.h(22): message : см. объявление "memchr"
D:\Projects\Repos\CNC\BC\INCLUDE\mem.h(46,29): warning C4273: memicmp: несовместимое связывание dll
D:\Windows Kits\10\Include\10.0.19041.0\ucrt\corecrt_memory.h(91,26): message : см. предыдущее определение "memicmp"
D:\Projects\Repos\CNC\BC\INCLUDE\iostream.h(33,9): warning C4068: неизвестная прагма "option"
D:\Projects\Repos\CNC\BC\INCLUDE\iostream.h(669,16): warning C4166: недопустимое соглашение о вызове для конструктора или деструктора
D:\Projects\Repos\CNC\BC\INCLUDE\iostream.h(107,16): warning C4166: недопустимое соглашение о вызове для конструктора или деструктора
D:\Projects\Repos\CNC\BC\INCLUDE\iostream.h(108,17): warning C4166: недопустимое соглашение о вызове для конструктора или деструктора
D:\Projects\Repos\CNC\BC\INCLUDE\iostream.h(181,20): warning C4166: недопустимое соглашение о вызове для конструктора или деструктора
D:\Projects\Repos\CNC\BC\INCLUDE\iostream.h(198,20): warning C4166: недопустимое соглашение о вызове для конструктора или деструктора
D:\Projects\Repos\CNC\CNCCAMP\CNCCOUTK.CPP(33,11): warning C5033: "register" больше не является поддерживаемым классом хранения.
D:\Projects\Repos\CNC\BC\INCLUDE\iostream.h(228,16): warning C4166: недопустимое соглашение о вызове для конструктора или деструктора
D:\Projects\Repos\CNC\BC\INCLUDE\iostream.h(229,16): warning C4166: недопустимое соглашение о вызове для конструктора или деструктора
D:\Projects\Repos\CNC\BC\INCLUDE\iostream.h(231,17): warning C4166: недопустимое соглашение о вызове для конструктора или деструктора
D:\Projects\Repos\CNC\BC\INCLUDE\iostream.h(303,20): warning C4166: недопустимое соглашение о вызове для конструктора или деструктора
D:\Projects\Repos\CNC\BC\INCLUDE\iostream.h(381,16): warning C4166: недопустимое соглашение о вызове для конструктора или деструктора
D:\Projects\Repos\CNC\BC\INCLUDE\iostream.h(382,17): warning C4166: недопустимое соглашение о вызове для конструктора или деструктора
D:\Projects\Repos\CNC\BC\INCLUDE\iostream.h(386,16): warning C4166: недопустимое соглашение о вызове для конструктора или деструктора
D:\Projects\Repos\CNC\BC\INCLUDE\iostream.h(388,16): warning C4166: недопустимое соглашение о вызове для конструктора или деструктора
D:\Projects\Repos\CNC\BC\INCLUDE\iostream.h(390,16): warning C4166: недопустимое соглашение о вызове для конструктора или деструктора
D:\Projects\Repos\CNC\BC\INCLUDE\iostream.h(455,20): warning C4166: недопустимое соглашение о вызове для конструктора или деструктора
D:\Projects\Repos\CNC\BC\CLASSLIB\INCLUDE\ClsDefs.h(17,9): warning C4068: неизвестная прагма "option"
D:\Projects\Repos\CNC\BC\INCLUDE\iostream.h(528,16): warning C4166: недопустимое соглашение о вызове для конструктора или деструктора
D:\Projects\Repos\CNC\BC\INCLUDE\iostream.h(529,17): warning C4166: недопустимое соглашение о вызове для конструктора или деструктора
D:\Projects\Repos\CNC\BC\INCLUDE\iostream.h(531,16): warning C4166: недопустимое соглашение о вызове для конструктора или деструктора
D:\Projects\Repos\CNC\BC\INCLUDE\iostream.h(532,16): warning C4166: недопустимое соглашение о вызове для конструктора или деструктора
D:\Projects\Repos\CNC\BC\INCLUDE\iostream.h(585,20): warning C4166: недопустимое соглашение о вызове для конструктора или деструктора
D:\Projects\Repos\CNC\BC\CLASSLIB\INCLUDE\ClsDefs.h(27,9): warning C4068: неизвестная прагма "option"
D:\Projects\Repos\CNC\BC\INCLUDE\iostream.h(643,16): warning C4166: недопустимое соглашение о вызове для конструктора или деструктора
D:\Projects\Repos\CNC\BC\INCLUDE\iostream.h(644,17): warning C4166: недопустимое соглашение о вызове для конструктора или деструктора
D:\Projects\Repos\CNC\BC\INCLUDE\iostream.h(647,16): warning C4166: недопустимое соглашение о вызове для конструктора или деструктора
D:\Projects\Repos\CNC\BC\INCLUDE\iostream.h(654,16): warning C4166: недопустимое соглашение о вызове для конструктора или деструктора
D:\Projects\Repos\CNC\BC\INCLUDE\iostream.h(656,17): warning C4166: недопустимое соглашение о вызове для конструктора или деструктора
D:\Projects\Repos\CNC\BC\INCLUDE\iostream.h(669,16): warning C4166: недопустимое соглашение о вызове для конструктора или деструктора
D:\Projects\Repos\CNC\BC\INCLUDE\iostream.h(671,17): warning C4166: недопустимое соглашение о вызове для конструктора или деструктора
D:\Projects\Repos\CNC\BC\INCLUDE\iostream.h(684,16): warning C4166: недопустимое соглашение о вызове для конструктора или деструктора
D:\Projects\Repos\CNC\BC\INCLUDE\iostream.h(686,17): warning C4166: недопустимое соглашение о вызове для конструктора или деструктора
D:\Projects\Repos\CNC\BC\INCLUDE\iostream.h(699,37): warning C4229: устаревший элемент: пропуск модификаторов для данных
D:\Projects\Repos\CNC\BC\INCLUDE\iostream.h(700,38): warning C4229: устаревший элемент: пропуск модификаторов для данных
D:\Projects\Repos\CNC\BC\INCLUDE\iostream.h(701,38): warning C4229: устаревший элемент: пропуск модификаторов для данных
D:\Projects\Repos\CNC\BC\INCLUDE\iostream.h(702,38): warning C4229: устаревший элемент: пропуск модификаторов для данных
D:\Projects\Repos\CNC\BC\INCLUDE\iostream.h(720,9): warning C4068: неизвестная прагма "option"
D:\Projects\Repos\CNC\BC\CLASSLIB\INCLUDE\Object.h(29,9): warning C4068: неизвестная прагма "option"
D:\Projects\Repos\CNC\BC\INCLUDE\iostream.h(671,17): warning C4166: недопустимое соглашение о вызове для конструктора или деструктора
D:\Projects\Repos\CNC\CNCCAMP\CNCCMAN.CPP(50,13): warning C5033: "register" больше не является поддерживаемым классом хранения.
D:\Projects\Repos\CNC\BC\CLASSLIB\INCLUDE\Object.h(163,9): warning C4068: неизвестная прагма "option"
D:\Projects\Repos\CNC\CNCCAMP\CNCCMAN.CPP(99,33): warning C4244: =: преобразование "double" в "LONG", возможна потеря данных
D:\Projects\Repos\CNC\CNCCAMP\CNCCMAN.CPP(101,35): warning C4244: =: преобразование "double" в "LONG", возможна потеря данных
D:\Projects\Repos\CNC\BC\INCLUDE\iostream.h(684,16): warning C4166: недопустимое соглашение о вызове для конструктора или деструктора
D:\Projects\Repos\CNC\BC\INCLUDE\mem.h(39,29): warning C4273: memccpy: несовместимое связывание dll
  D:\Windows Kits\10\Include\10.0.19041.0\ucrt\corecrt_memory.h(83,28): note: см. предыдущее определение "memccpy"
D:\Projects\Repos\CNC\CNCCAMP\CNCCMAN.CPP(266,27): warning C4244: =: преобразование "double" в "LONG", возможна потеря данных
D:\Projects\Repos\CNC\BC\INCLUDE\mem.h(41,78): error C2556: void *memchr(const void *,int,size_t): перегруженная функция отличается от "const void *memchr(const void *,int,size_t)" только возвращаемым типом
  C:\Program Files\Microsoft Visual Studio\2022\Community\VC\Tools\MSVC\14.32.31326\include\vcruntime_string.h(22): note:  см. объявление "memchr"
D:\Projects\Repos\CNC\BC\INCLUDE\mem.h(41,29): error C2373: memchr: переопределение; различные модификаторы типа
  C:\Program Files\Microsoft Visual Studio\2022\Community\VC\Tools\MSVC\14.32.31326\include\vcruntime_string.h(22): note:  см. объявление "memchr"
D:\Projects\Repos\CNC\CNCCAMP\CNCCMAN.CPP(270,23): warning C4244: =: преобразование "double" в "LONG", возможна потеря данных
D:\Projects\Repos\CNC\BC\INCLUDE\iostream.h(686,17): warning C4166: недопустимое соглашение о вызове для конструктора или деструктора
D:\Projects\Repos\CNC\CNCCAMP\CNCCMAN.CPP(396,17): warning C5033: "register" больше не является поддерживаемым классом хранения.
D:\Projects\Repos\CNC\BC\INCLUDE\mem.h(46,29): warning C4273: memicmp: несовместимое связывание dll
  D:\Windows Kits\10\Include\10.0.19041.0\ucrt\corecrt_memory.h(91,26): note: см. предыдущее определение "memicmp"
D:\Projects\Repos\CNC\CNCCAMP\CNCCMAN.CPP(413,36): warning C4244: =: преобразование "double" в "LONG", возможна потеря данных
D:\Projects\Repos\CNC\CNCCAMP\CNCCMAN.CPP(415,36): warning C4244: =: преобразование "double" в "LONG", возможна потеря данных
D:\Projects\Repos\CNC\BC\INCLUDE\iostream.h(699,37): warning C4229: устаревший элемент: пропуск модификаторов для данных
D:\Projects\Repos\CNC\BC\INCLUDE\iostream.h(33,9): warning C4068: неизвестная прагма "option"
D:\Projects\Repos\CNC\BC\INCLUDE\iostream.h(700,38): warning C4229: устаревший элемент: пропуск модификаторов для данных
D:\Projects\Repos\CNC\BC\INCLUDE\iostream.h(107,16): warning C4166: недопустимое соглашение о вызове для конструктора или деструктора
D:\Projects\Repos\CNC\BC\INCLUDE\iostream.h(701,38): warning C4229: устаревший элемент: пропуск модификаторов для данных
D:\Projects\Repos\CNC\BC\INCLUDE\iostream.h(108,17): warning C4166: недопустимое соглашение о вызове для конструктора или деструктора
D:\Projects\Repos\CNC\BC\INCLUDE\iostream.h(702,38): warning C4229: устаревший элемент: пропуск модификаторов для данных
D:\Projects\Repos\CNC\BC\INCLUDE\iostream.h(181,20): warning C4166: недопустимое соглашение о вызове для конструктора или деструктора
D:\Projects\Repos\CNC\CNCCAMP\CNCCAUTO.CPP(207,5): error C4996: 'strcpy': This function or variable may be unsafe. Consider using strcpy_s instead. To disable deprecation, use _CRT_SECURE_NO_WARNINGS. See online help for details.
D:\Projects\Repos\CNC\CNCCAMP\CNCCAUTO.CPP(259,16): error C4996: 'fopen': This function or variable may be unsafe. Consider using fopen_s instead. To disable deprecation, use _CRT_SECURE_NO_WARNINGS. See online help for details.
D:\Projects\Repos\CNC\CNCCAMP\CNCCAUTO.CPP(262,17): error C4996: 'fopen': This function or variable may be unsafe. Consider using fopen_s instead. To disable deprecation, use _CRT_SECURE_NO_WARNINGS. See online help for details.
D:\Projects\Repos\CNC\CNCCAMP\CNCCAUTO.CPP(271,12): error C4996: 'fscanf': This function or variable may be unsafe. Consider using fscanf_s instead. To disable deprecation, use _CRT_SECURE_NO_WARNINGS. See online help for details.
D:\Projects\Repos\CNC\BC\INCLUDE\iostream.h(720,9): warning C4068: неизвестная прагма "option"
D:\Projects\Repos\CNC\BC\CLASSLIB\INCLUDE\Object.h(29,9): warning C4068: неизвестная прагма "option"
D:\Projects\Repos\CNC\BC\INCLUDE\iostream.h(198,20): warning C4166: недопустимое соглашение о вызове для конструктора или деструктора
D:\Projects\Repos\CNC\BC\CLASSLIB\INCLUDE\Object.h(163,9): warning C4068: неизвестная прагма "option"
D:\Projects\Repos\CNC\BC\INCLUDE\iostream.h(228,16): warning C4166: недопустимое соглашение о вызове для конструктора или деструктора
D:\Projects\Repos\CNC\BC\INCLUDE\iostream.h(229,16): warning C4166: недопустимое соглашение о вызове для конструктора или деструктора
D:\Projects\Repos\CNC\BC\INCLUDE\iostream.h(231,17): warning C4166: недопустимое соглашение о вызове для конструктора или деструктора
D:\Projects\Repos\CNC\BC\INCLUDE\iostream.h(303,20): warning C4166: недопустимое соглашение о вызове для конструктора или деструктора
D:\Projects\Repos\CNC\BC\INCLUDE\iostream.h(381,16): warning C4166: недопустимое соглашение о вызове для конструктора или деструктора
D:\Projects\Repos\CNC\BC\INCLUDE\iostream.h(382,17): warning C4166: недопустимое соглашение о вызове для конструктора или деструктора
D:\Projects\Repos\CNC\BC\INCLUDE\iostream.h(386,16): warning C4166: недопустимое соглашение о вызове для конструктора или деструктора
D:\Projects\Repos\CNC\BC\INCLUDE\iostream.h(388,16): warning C4166: недопустимое соглашение о вызове для конструктора или деструктора
D:\Projects\Repos\CNC\BC\INCLUDE\iostream.h(390,16): warning C4166: недопустимое соглашение о вызове для конструктора или деструктора
D:\Projects\Repos\CNC\BC\INCLUDE\iostream.h(455,20): warning C4166: недопустимое соглашение о вызове для конструктора или деструктора
D:\Projects\Repos\CNC\BC\INCLUDE\iostream.h(528,16): warning C4166: недопустимое соглашение о вызове для конструктора или деструктора
D:\Projects\Repos\CNC\BC\INCLUDE\iostream.h(529,17): warning C4166: недопустимое соглашение о вызове для конструктора или деструктора
D:\Projects\Repos\CNC\BC\INCLUDE\iostream.h(531,16): warning C4166: недопустимое соглашение о вызове для конструктора или деструктора
D:\Projects\Repos\CNC\BC\INCLUDE\iostream.h(532,16): warning C4166: недопустимое соглашение о вызове для конструктора или деструктора
D:\Projects\Repos\CNC\BC\INCLUDE\iostream.h(585,20): warning C4166: недопустимое соглашение о вызове для конструктора или деструктора
D:\Projects\Repos\CNC\BC\INCLUDE\iostream.h(643,16): warning C4166: недопустимое соглашение о вызове для конструктора или деструктора
D:\Projects\Repos\CNC\BC\INCLUDE\iostream.h(644,17): warning C4166: недопустимое соглашение о вызове для конструктора или деструктора
D:\Projects\Repos\CNC\BC\INCLUDE\iostream.h(647,16): warning C4166: недопустимое соглашение о вызове для конструктора или деструктора
D:\Projects\Repos\CNC\BC\INCLUDE\iostream.h(654,16): warning C4166: недопустимое соглашение о вызове для конструктора или деструктора
D:\Projects\Repos\CNC\BC\INCLUDE\iostream.h(656,17): warning C4166: недопустимое соглашение о вызове для конструктора или деструктора
D:\Projects\Repos\CNC\BC\INCLUDE\iostream.h(669,16): warning C4166: недопустимое соглашение о вызове для конструктора или деструктора
D:\Projects\Repos\CNC\BC\INCLUDE\iostream.h(671,17): warning C4166: недопустимое соглашение о вызове для конструктора или деструктора
D:\Projects\Repos\CNC\BC\INCLUDE\iostream.h(684,16): warning C4166: недопустимое соглашение о вызове для конструктора или деструктора
D:\Projects\Repos\CNC\BC\INCLUDE\iostream.h(686,17): warning C4166: недопустимое соглашение о вызове для конструктора или деструктора
D:\Projects\Repos\CNC\BC\INCLUDE\iostream.h(699,37): warning C4229: устаревший элемент: пропуск модификаторов для данных
D:\Projects\Repos\CNC\BC\INCLUDE\iostream.h(700,38): warning C4229: устаревший элемент: пропуск модификаторов для данных
D:\Projects\Repos\CNC\BC\INCLUDE\iostream.h(701,38): warning C4229: устаревший элемент: пропуск модификаторов для данных
D:\Projects\Repos\CNC\BC\INCLUDE\iostream.h(702,38): warning C4229: устаревший элемент: пропуск модификаторов для данных
D:\Projects\Repos\CNC\BC\INCLUDE\iostream.h(720,9): warning C4068: неизвестная прагма "option"
D:\Projects\Repos\CNC\BC\CLASSLIB\INCLUDE\Object.h(29,9): warning C4068: неизвестная прагма "option"
D:\Projects\Repos\CNC\BC\CLASSLIB\INCLUDE\Object.h(163,9): warning C4068: неизвестная прагма "option"
D:\Projects\Repos\CNC\CNCCAMP\CNCCTOK.CPP(35,14): warning C5033: "register" больше не является поддерживаемым классом хранения.
D:\Projects\Repos\CNC\BC\CLASSLIB\INCLUDE\ClsTypes.h(21,9): warning C4068: неизвестная прагма "option"
D:\Projects\Repos\CNC\BC\CLASSLIB\INCLUDE\ClsTypes.h(102,9): warning C4068: неизвестная прагма "option"
D:\Projects\Repos\CNC\BC\CLASSLIB\INCLUDE\ClsDefs.h(17,9): warning C4068: неизвестная прагма "option"
D:\Projects\Repos\CNC\BC\CLASSLIB\INCLUDE\ClsDefs.h(27,9): warning C4068: неизвестная прагма "option"
D:\Projects\Repos\CNC\BC\INCLUDE\mem.h(39,29): warning C4273: memccpy: несовместимое связывание dll
  D:\Windows Kits\10\Include\10.0.19041.0\ucrt\corecrt_memory.h(83,28): note: см. предыдущее определение "memccpy"
D:\Projects\Repos\CNC\BC\INCLUDE\mem.h(41,78): error C2556: void *memchr(const void *,int,size_t): перегруженная функция отличается от "const void *memchr(const void *,int,size_t)" только возвращаемым типом
  C:\Program Files\Microsoft Visual Studio\2022\Community\VC\Tools\MSVC\14.32.31326\include\vcruntime_string.h(22): note:  см. объявление "memchr"
D:\Projects\Repos\CNC\BC\INCLUDE\mem.h(41,29): error C2373: memchr: переопределение; различные модификаторы типа
  C:\Program Files\Microsoft Visual Studio\2022\Community\VC\Tools\MSVC\14.32.31326\include\vcruntime_string.h(22): note:  см. объявление "memchr"
D:\Projects\Repos\CNC\BC\INCLUDE\mem.h(46,29): warning C4273: memicmp: несовместимое связывание dll
  D:\Windows Kits\10\Include\10.0.19041.0\ucrt\corecrt_memory.h(91,26): note: см. предыдущее определение "memicmp"
D:\Projects\Repos\CNC\BC\INCLUDE\iostream.h(33,9): warning C4068: неизвестная прагма "option"
D:\Projects\Repos\CNC\BC\INCLUDE\iostream.h(107,16): warning C4166: недопустимое соглашение о вызове для конструктора или деструктора
D:\Projects\Repos\CNC\BC\INCLUDE\iostream.h(108,17): warning C4166: недопустимое соглашение о вызове для конструктора или деструктора
D:\Projects\Repos\CNC\BC\INCLUDE\iostream.h(181,20): warning C4166: недопустимое соглашение о вызове для конструктора или деструктора
D:\Projects\Repos\CNC\BC\INCLUDE\iostream.h(198,20): warning C4166: недопустимое соглашение о вызове для конструктора или деструктора
D:\Projects\Repos\CNC\BC\INCLUDE\iostream.h(228,16): warning C4166: недопустимое соглашение о вызове для конструктора или деструктора
D:\Projects\Repos\CNC\BC\INCLUDE\iostream.h(229,16): warning C4166: недопустимое соглашение о вызове для конструктора или деструктора
D:\Projects\Repos\CNC\BC\INCLUDE\iostream.h(231,17): warning C4166: недопустимое соглашение о вызове для конструктора или деструктора
D:\Projects\Repos\CNC\BC\INCLUDE\iostream.h(303,20): warning C4166: недопустимое соглашение о вызове для конструктора или деструктора
D:\Projects\Repos\CNC\BC\INCLUDE\iostream.h(381,16): warning C4166: недопустимое соглашение о вызове для конструктора или деструктора
D:\Projects\Repos\CNC\BC\INCLUDE\iostream.h(382,17): warning C4166: недопустимое соглашение о вызове для конструктора или деструктора
D:\Projects\Repos\CNC\BC\INCLUDE\iostream.h(386,16): warning C4166: недопустимое соглашение о вызове для конструктора или деструктора
D:\Projects\Repos\CNC\BC\INCLUDE\iostream.h(388,16): warning C4166: недопустимое соглашение о вызове для конструктора или деструктора
D:\Projects\Repos\CNC\BC\INCLUDE\iostream.h(390,16): warning C4166: недопустимое соглашение о вызове для конструктора или деструктора
D:\Projects\Repos\CNC\BC\INCLUDE\iostream.h(455,20): warning C4166: недопустимое соглашение о вызове для конструктора или деструктора
D:\Projects\Repos\CNC\BC\INCLUDE\iostream.h(528,16): warning C4166: недопустимое соглашение о вызове для конструктора или деструктора
D:\Projects\Repos\CNC\BC\INCLUDE\iostream.h(529,17): warning C4166: недопустимое соглашение о вызове для конструктора или деструктора
D:\Projects\Repos\CNC\BC\INCLUDE\iostream.h(531,16): warning C4166: недопустимое соглашение о вызове для конструктора или деструктора
D:\Projects\Repos\CNC\BC\INCLUDE\iostream.h(532,16): warning C4166: недопустимое соглашение о вызове для конструктора или деструктора
D:\Projects\Repos\CNC\BC\INCLUDE\iostream.h(585,20): warning C4166: недопустимое соглашение о вызове для конструктора или деструктора
D:\Projects\Repos\CNC\BC\INCLUDE\iostream.h(643,16): warning C4166: недопустимое соглашение о вызове для конструктора или деструктора
D:\Projects\Repos\CNC\BC\INCLUDE\iostream.h(644,17): warning C4166: недопустимое соглашение о вызове для конструктора или деструктора
D:\Projects\Repos\CNC\BC\INCLUDE\iostream.h(647,16): warning C4166: недопустимое соглашение о вызове для конструктора или деструктора
D:\Projects\Repos\CNC\BC\INCLUDE\iostream.h(654,16): warning C4166: недопустимое соглашение о вызове для конструктора или деструктора
D:\Projects\Repos\CNC\BC\INCLUDE\iostream.h(656,17): warning C4166: недопустимое соглашение о вызове для конструктора или деструктора
D:\Projects\Repos\CNC\BC\INCLUDE\iostream.h(669,16): warning C4166: недопустимое соглашение о вызове для конструктора или деструктора
D:\Projects\Repos\CNC\BC\INCLUDE\iostream.h(671,17): warning C4166: недопустимое соглашение о вызове для конструктора или деструктора
D:\Projects\Repos\CNC\BC\INCLUDE\iostream.h(684,16): warning C4166: недопустимое соглашение о вызове для конструктора или деструктора
D:\Projects\Repos\CNC\BC\INCLUDE\iostream.h(686,17): warning C4166: недопустимое соглашение о вызове для конструктора или деструктора
D:\Projects\Repos\CNC\BC\INCLUDE\iostream.h(699,37): warning C4229: устаревший элемент: пропуск модификаторов для данных
D:\Projects\Repos\CNC\BC\INCLUDE\iostream.h(700,38): warning C4229: устаревший элемент: пропуск модификаторов для данных
D:\Projects\Repos\CNC\BC\INCLUDE\iostream.h(701,38): warning C4229: устаревший элемент: пропуск модификаторов для данных
D:\Projects\Repos\CNC\BC\INCLUDE\iostream.h(702,38): warning C4229: устаревший элемент: пропуск модификаторов для данных
D:\Projects\Repos\CNC\BC\INCLUDE\iostream.h(720,9): warning C4068: неизвестная прагма "option"
D:\Projects\Repos\CNC\BC\CLASSLIB\INCLUDE\Object.h(29,9): warning C4068: неизвестная прагма "option"
D:\Projects\Repos\CNC\BC\CLASSLIB\INCLUDE\Object.h(163,9): warning C4068: неизвестная прагма "option"
D:\Projects\Repos\CNC\CNCCOM\cncun3.h(10,11): error C2365: y1: переопределение; предыдущим определением было "функция"
  D:\Windows Kits\10\Include\10.0.19041.0\ucrt\corecrt_math.h(983): note:  см. объявление "y1"
D:\Projects\Repos\CNC\CNCCOM\cncun3.h(10,11): error C2365: y1: переопределение; предыдущим определением было "функция"
  D:\Windows Kits\10\Include\10.0.19041.0\ucrt\corecrt_math.h(983): note:  см. объявление "y1"
D:\Projects\Repos\CNC\CNCCOM\cncun3.h(10,11): error C2365: y1: переопределение; предыдущим определением было "функция"
  D:\Windows Kits\10\Include\10.0.19041.0\ucrt\corecrt_math.h(983): note:  см. объявление "y1"
D:\Projects\Repos\CNC\BC\CLASSLIB\INCLUDE\ClsTypes.h(21,9): warning C4068: неизвестная прагма "option"
D:\Projects\Repos\CNC\BC\CLASSLIB\INCLUDE\ClsTypes.h(102,9): warning C4068: неизвестная прагма "option"
D:\Projects\Repos\CNC\BC\CLASSLIB\INCLUDE\ClsDefs.h(17,9): warning C4068: неизвестная прагма "option"
D:\Projects\Repos\CNC\BC\CLASSLIB\INCLUDE\ClsDefs.h(27,9): warning C4068: неизвестная прагма "option"
D:\Projects\Repos\CNC\BC\INCLUDE\mem.h(39,29): warning C4273: memccpy: несовместимое связывание dll
  D:\Windows Kits\10\Include\10.0.19041.0\ucrt\corecrt_memory.h(83,28): note: см. предыдущее определение "memccpy"
D:\Projects\Repos\CNC\BC\INCLUDE\mem.h(41,78): error C2556: void *memchr(const void *,int,size_t): перегруженная функция отличается от "const void *memchr(const void *,int,size_t)" только возвращаемым типом
  C:\Program Files\Microsoft Visual Studio\2022\Community\VC\Tools\MSVC\14.32.31326\include\vcruntime_string.h(22): note:  см. объявление "memchr"
D:\Projects\Repos\CNC\BC\INCLUDE\mem.h(41,29): error C2373: memchr: переопределение; различные модификаторы типа
  C:\Program Files\Microsoft Visual Studio\2022\Community\VC\Tools\MSVC\14.32.31326\include\vcruntime_string.h(22): note:  см. объявление "memchr"
D:\Projects\Repos\CNC\BC\INCLUDE\mem.h(46,29): warning C4273: memicmp: несовместимое связывание dll
  D:\Windows Kits\10\Include\10.0.19041.0\ucrt\corecrt_memory.h(91,26): note: см. предыдущее определение "memicmp"
D:\Projects\Repos\CNC\BC\INCLUDE\iostream.h(33,9): warning C4068: неизвестная прагма "option"
D:\Projects\Repos\CNC\BC\INCLUDE\iostream.h(107,16): warning C4166: недопустимое соглашение о вызове для конструктора или деструктора
D:\Projects\Repos\CNC\BC\INCLUDE\iostream.h(108,17): warning C4166: недопустимое соглашение о вызове для конструктора или деструктора
D:\Projects\Repos\CNC\BC\INCLUDE\iostream.h(181,20): warning C4166: недопустимое соглашение о вызове для конструктора или деструктора
D:\Projects\Repos\CNC\BC\INCLUDE\iostream.h(198,20): warning C4166: недопустимое соглашение о вызове для конструктора или деструктора
D:\Projects\Repos\CNC\BC\INCLUDE\iostream.h(228,16): warning C4166: недопустимое соглашение о вызове для конструктора или деструктора
D:\Projects\Repos\CNC\BC\INCLUDE\iostream.h(229,16): warning C4166: недопустимое соглашение о вызове для конструктора или деструктора
D:\Projects\Repos\CNC\BC\INCLUDE\iostream.h(231,17): warning C4166: недопустимое соглашение о вызове для конструктора или деструктора
D:\Projects\Repos\CNC\BC\INCLUDE\iostream.h(303,20): warning C4166: недопустимое соглашение о вызове для конструктора или деструктора
D:\Projects\Repos\CNC\BC\INCLUDE\iostream.h(381,16): warning C4166: недопустимое соглашение о вызове для конструктора или деструктора
D:\Projects\Repos\CNC\BC\INCLUDE\iostream.h(382,17): warning C4166: недопустимое соглашение о вызове для конструктора или деструктора
D:\Projects\Repos\CNC\BC\INCLUDE\iostream.h(386,16): warning C4166: недопустимое соглашение о вызове для конструктора или деструктора
D:\Projects\Repos\CNC\BC\INCLUDE\iostream.h(388,16): warning C4166: недопустимое соглашение о вызове для конструктора или деструктора
D:\Projects\Repos\CNC\BC\INCLUDE\iostream.h(390,16): warning C4166: недопустимое соглашение о вызове для конструктора или деструктора
D:\Projects\Repos\CNC\BC\INCLUDE\iostream.h(455,20): warning C4166: недопустимое соглашение о вызове для конструктора или деструктора
D:\Projects\Repos\CNC\BC\INCLUDE\iostream.h(528,16): warning C4166: недопустимое соглашение о вызове для конструктора или деструктора
D:\Projects\Repos\CNC\BC\INCLUDE\iostream.h(529,17): warning C4166: недопустимое соглашение о вызове для конструктора или деструктора
D:\Projects\Repos\CNC\BC\INCLUDE\iostream.h(531,16): warning C4166: недопустимое соглашение о вызове для конструктора или деструктора
D:\Projects\Repos\CNC\BC\INCLUDE\iostream.h(532,16): warning C4166: недопустимое соглашение о вызове для конструктора или деструктора
D:\Projects\Repos\CNC\BC\INCLUDE\iostream.h(585,20): warning C4166: недопустимое соглашение о вызове для конструктора или деструктора
D:\Projects\Repos\CNC\BC\INCLUDE\iostream.h(643,16): warning C4166: недопустимое соглашение о вызове для конструктора или деструктора
D:\Projects\Repos\CNC\BC\INCLUDE\iostream.h(644,17): warning C4166: недопустимое соглашение о вызове для конструктора или деструктора
D:\Projects\Repos\CNC\BC\INCLUDE\iostream.h(647,16): warning C4166: недопустимое соглашение о вызове для конструктора или деструктора
D:\Projects\Repos\CNC\BC\INCLUDE\iostream.h(654,16): warning C4166: недопустимое соглашение о вызове для конструктора или деструктора
D:\Projects\Repos\CNC\BC\INCLUDE\iostream.h(656,17): warning C4166: недопустимое соглашение о вызове для конструктора или деструктора
D:\Projects\Repos\CNC\BC\INCLUDE\iostream.h(669,16): warning C4166: недопустимое соглашение о вызове для конструктора или деструктора
D:\Projects\Repos\CNC\BC\INCLUDE\iostream.h(671,17): warning C4166: недопустимое соглашение о вызове для конструктора или деструктора
D:\Projects\Repos\CNC\BC\INCLUDE\iostream.h(684,16): warning C4166: недопустимое соглашение о вызове для конструктора или деструктора
D:\Projects\Repos\CNC\BC\INCLUDE\iostream.h(686,17): warning C4166: недопустимое соглашение о вызове для конструктора или деструктора
D:\Projects\Repos\CNC\BC\INCLUDE\iostream.h(699,37): warning C4229: устаревший элемент: пропуск модификаторов для данных
D:\Projects\Repos\CNC\BC\INCLUDE\iostream.h(700,38): warning C4229: устаревший элемент: пропуск модификаторов для данных
D:\Projects\Repos\CNC\BC\INCLUDE\iostream.h(701,38): warning C4229: устаревший элемент: пропуск модификаторов для данных
D:\Projects\Repos\CNC\BC\INCLUDE\iostream.h(702,38): warning C4229: устаревший элемент: пропуск модификаторов для данных
D:\Projects\Repos\CNC\BC\INCLUDE\iostream.h(720,9): warning C4068: неизвестная прагма "option"
D:\Projects\Repos\CNC\BC\CLASSLIB\INCLUDE\Object.h(29,9): warning C4068: неизвестная прагма "option"
D:\Projects\Repos\CNC\BC\CLASSLIB\INCLUDE\Object.h(163,9): warning C4068: неизвестная прагма "option"
